<?xml version="1.0" encoding="utf-8"?><testsuites><testsuite name="pytest" errors="0" failures="0" skipped="0" tests="3" time="51.867" timestamp="2023-02-01T15:38:01.809520" hostname="DESKTOP-0O8LIVN"><testcase classname="test_HomePage.TestHomePage" name="test_formSubmission[getData0]" time="26.036" /><testcase classname="test_HomePage.TestHomePage" name="test_formSubmission[getData1]" time="9.534" /><testcase classname="test_e2e.TestOne" name="test_e2e" time="16.243" /></testsuite></testsuites>